<?xml version="1.0" encoding="UTF-8"?>
<testsuites name="Orange" time="21.914" tests="1" failures="0" skips="0" errors="0">
   <testsuite name="Orange" tests="1" failures="0" errors="0" time="21.914" skips="0" timestamp="2021-01-07 12:29:22" hostname="Muthu Pandi - Muthu" id="Test Suites/Orange">
      <properties>
         <property name="deviceName" value=""/>
         <property name="devicePlatform" value=""/>
         <property name="logFolder" value="C:\\Users\\Muthu Pandi\\git\\New\\Reports\\20210107_122918\\Orange\\20210107_122920"/>
         <property name="logFiles" value="C:\\Users\\Muthu Pandi\\git\\New\\Reports\\20210107_122918\\Orange\\20210107_122920\\execution0.log"/>
         <property name="attachments" value=""/>
         <property name="hostName" value="Muthu Pandi - Muthu"/>
         <property name="os" value="Windows 10 64bit"/>
         <property name="katalonVersion" value="7.8.1.208"/>
         <property name="browser" value="Chrome 87.0.4280.88"/>
         <property name="hostAddress" value="192.168.1.100"/>
         <property name="sessionId" value="5dd0bed5840ac3198b40a217e9aa9b8d"/>
         <property name="seleniumVersion" value="3.141.59"/>
         <property name="proxyInformation" value="ProxyInformation { proxyOption=NO_PROXY, proxyServerType=HTTP, username=, password=********, proxyServerAddress=, proxyServerPort=0, executionList=&quot;&quot;, isApplyToDesiredCapabilities=true }"/>
         <property name="platform" value="Windows 10"/>
      </properties>
      <testcase name="Test Cases/Test1" time="20.571" classname="Test Cases/Test1" status="PASSED">
         <system-out><![CDATA[2021-01-07 12:29:23 - [TEST_CASE][PASSED] - Test Cases/Test1: Test Cases/Test1

2021-01-07 12:29:24 - [TEST_STEP][PASSED] - openBrowser(""): Browser is opened with url: ''

2021-01-07 12:29:24 - [MESSAGE][INFO] - Starting 'Chrome' driver

2021-01-07 12:29:24 - [MESSAGE][INFO] - Action delay is set to 0 milliseconds

2021-01-07 12:29:27 - [MESSAGE][PASSED] - Browser is opened with url: ''

2021-01-07 12:29:27 - [TEST_STEP][PASSED] - navigateToUrl("https://opensource-demo.orangehrmlive.com/"): Navigate to 'https://opensource-demo.orangehrmlive.com/' successfully

2021-01-07 12:29:34 - [MESSAGE][PASSED] - Navigate to 'https://opensource-demo.orangehrmlive.com/' successfully

2021-01-07 12:29:34 - [TEST_STEP][PASSED] - click(findTestObject("Object Repository/Orange/span_Username")): Object: 'Object Repository/Orange/span_Username' is clicked on

2021-01-07 12:29:35 - [MESSAGE][PASSED] - Object: 'Object Repository/Orange/span_Username' is clicked on

2021-01-07 12:29:35 - [TEST_STEP][PASSED] - setText(findTestObject("Object Repository/Orange/input_LOGIN Panel_txtUsername"), Username): Text 'Admin' is set on object 'Object Repository/Orange/input_LOGIN Panel_txtUsername'

2021-01-07 12:29:36 - [MESSAGE][PASSED] - Text 'Admin' is set on object 'Object Repository/Orange/input_LOGIN Panel_txtUsername'

2021-01-07 12:29:36 - [TEST_STEP][PASSED] - setText(findTestObject("Object Repository/Orange/input_Username_txtPassword"), Password): Text 'admin123' is set on object 'Object Repository/Orange/input_Username_txtPassword'

2021-01-07 12:29:36 - [MESSAGE][PASSED] - Text 'admin123' is set on object 'Object Repository/Orange/input_Username_txtPassword'

2021-01-07 12:29:36 - [TEST_STEP][PASSED] - click(findTestObject("Object Repository/Orange/input_Password_Submit")): Object: 'Object Repository/Orange/input_Password_Submit' is clicked on

2021-01-07 12:29:43 - [MESSAGE][PASSED] - Object: 'Object Repository/Orange/input_Password_Submit' is clicked on

2021-01-07 12:29:43 - [TEST_STEP][PASSED] - closeBrowser(): Browser is closed

2021-01-07 12:29:44 - [MESSAGE][PASSED] - Browser is closed]]></system-out>
         <system-err><![CDATA[]]></system-err>
      </testcase>
      <system-out><![CDATA[2021-01-07 12:29:22 - [TEST_SUITE][INCOMPLETE] - Orange: null]]></system-out>
      <system-err><![CDATA[2021-01-07 12:29:22 - [TEST_SUITE][INCOMPLETE] - Orange: null]]></system-err>
   </testsuite>
</testsuites>
